11/12/2008 20:36:23 (Std) 	+-+-+-+-+-+-+-+-+-+-+-+-+-+-+-+-+-+-+-+-+-+-+-+-+-+-+-+-+-+-+-+-+-+-+-+-+-+-+-+
11/12/2008 20:36:23 (Std) 	+                     Crazy Eddie's GUI System - Event log                    +
11/12/2008 20:36:23 (Std) 	+                          (http://www.cegui.org.uk/)                         +
11/12/2008 20:36:23 (Std) 	+-+-+-+-+-+-+-+-+-+-+-+-+-+-+-+-+-+-+-+-+-+-+-+-+-+-+-+-+-+-+-+-+-+-+-+-+-+-+-+

11/12/2008 20:36:23 (Std) 	CEGUI::Logger singleton created.
11/12/2008 20:36:23 (Std) 	---- Begining CEGUI System initialisation ----
11/12/2008 20:36:23 (Std) 	CEGUI::ImagesetManager singleton created
11/12/2008 20:36:23 (Std) 	CEGUI::FontManager singleton created.
11/12/2008 20:36:23 (Std) 	CEGUI::WindowFactoryManager singleton created
11/12/2008 20:36:23 (Std) 	CEGUI::WindowManager singleton created
11/12/2008 20:36:23 (Std) 	CEGUI::SchemeManager singleton created.
11/12/2008 20:36:23 (Std) 	CEGUI::MouseCursor singleton created.
11/12/2008 20:36:23 (Std) 	CEGUI::GlobalEventSet singleton created.
11/12/2008 20:36:23 (Std) 	CEGUI::WidgetLookManager singleton created.
11/12/2008 20:36:23 (Std) 	CEGUI::WindowRendererManager singleton created
11/12/2008 20:36:23 (Std) 	WindowFactory for 'DefaultWindow' windows added.
11/12/2008 20:36:23 (Std) 	WindowFactory for 'DragContainer' windows added.
11/12/2008 20:36:23 (Std) 	WindowFactory for 'ScrolledContainer' windows added.
11/12/2008 20:36:23 (Std) 	WindowFactory for 'ClippedContainer' windows added.
11/12/2008 20:36:23 (Std) 	WindowFactory for 'CEGUI/Checkbox' windows added.
11/12/2008 20:36:23 (Std) 	WindowFactory for 'CEGUI/PushButton' windows added.
11/12/2008 20:36:23 (Std) 	WindowFactory for 'CEGUI/RadioButton' windows added.
11/12/2008 20:36:23 (Std) 	WindowFactory for 'CEGUI/Combobox' windows added.
11/12/2008 20:36:23 (Std) 	WindowFactory for 'CEGUI/ComboDropList' windows added.
11/12/2008 20:36:23 (Std) 	WindowFactory for 'CEGUI/Editbox' windows added.
11/12/2008 20:36:23 (Std) 	WindowFactory for 'CEGUI/FrameWindow' windows added.
11/12/2008 20:36:23 (Std) 	WindowFactory for 'CEGUI/ItemEntry' windows added.
11/12/2008 20:36:23 (Std) 	WindowFactory for 'CEGUI/Listbox' windows added.
11/12/2008 20:36:23 (Std) 	WindowFactory for 'CEGUI/ListHeader' windows added.
11/12/2008 20:36:23 (Std) 	WindowFactory for 'CEGUI/ListHeaderSegment' windows added.
11/12/2008 20:36:23 (Std) 	WindowFactory for 'CEGUI/Menubar' windows added.
11/12/2008 20:36:23 (Std) 	WindowFactory for 'CEGUI/PopupMenu' windows added.
11/12/2008 20:36:23 (Std) 	WindowFactory for 'CEGUI/MenuItem' windows added.
11/12/2008 20:36:23 (Std) 	WindowFactory for 'CEGUI/MultiColumnList' windows added.
11/12/2008 20:36:23 (Std) 	WindowFactory for 'CEGUI/MultiLineEditbox' windows added.
11/12/2008 20:36:23 (Std) 	WindowFactory for 'CEGUI/ProgressBar' windows added.
11/12/2008 20:36:23 (Std) 	WindowFactory for 'CEGUI/ScrollablePane' windows added.
11/12/2008 20:36:23 (Std) 	WindowFactory for 'CEGUI/Scrollbar' windows added.
11/12/2008 20:36:23 (Std) 	WindowFactory for 'CEGUI/Slider' windows added.
11/12/2008 20:36:23 (Std) 	WindowFactory for 'CEGUI/Spinner' windows added.
11/12/2008 20:36:23 (Std) 	WindowFactory for 'CEGUI/TabButton' windows added.
11/12/2008 20:36:23 (Std) 	WindowFactory for 'CEGUI/TabControl' windows added.
11/12/2008 20:36:23 (Std) 	WindowFactory for 'CEGUI/Thumb' windows added.
11/12/2008 20:36:23 (Std) 	WindowFactory for 'CEGUI/Titlebar' windows added.
11/12/2008 20:36:23 (Std) 	WindowFactory for 'CEGUI/Tooltip' windows added.
11/12/2008 20:36:23 (Std) 	WindowFactory for 'CEGUI/ItemListbox' windows added.
11/12/2008 20:36:23 (Std) 	WindowFactory for 'CEGUI/GroupBox' windows added.
11/12/2008 20:36:23 (Std) 	WindowFactory for 'CEGUI/Tree' windows added.
11/12/2008 20:36:23 (Std) 	Window type alias named 'DefaultGUISheet' added for window type 'DefaultWindow'.
11/12/2008 20:36:23 (Std) 	CEGUI::System singleton created.
11/12/2008 20:36:23 (Std) 	---- CEGUI System initialisation completed ----
11/12/2008 20:36:23 (Std) 	---- Version 0.6.1 ----
11/12/2008 20:36:23 (Std) 	---- Renderer module is: Black_Hand's wrapper around that disgusting piece of code created by Santhos :PPP ----
11/12/2008 20:36:23 (Std) 	---- XML Parser module is: CEGUI::ExpatParser - Official expat based parser module for CEGUI ----
11/12/2008 20:36:23 (Std) 	---- Scripting module is: None ----
11/12/2008 20:36:23 (Std) 	Attempting to load Scheme from file 'TaharezLook.scheme'.
