This is pdfTeXk, Version 3.1415926-1.40.9 (Web2C 7.5.7) (format=pdflatex 2011.1.5)  6 JAN 2011 00:15
entering extended mode
 %&-line parsing enabled.
**userGuide.tex
(./userGuide.tex
LaTeX2e <2005/12/01>
Babel <v3.8l> and hyphenation patterns for english, usenglishmax, dumylang, noh
yphenation, czech, slovak, basque, french, coptic, esperanto, estonian, iceland
ic, indonesian, interlingua, irish, romanian, serbian, slovenian, turkish, uppe
rsorbian, welsh, catalan, galician, spanish, loaded.
(/usr/share/texmf-dist/tex/latex/base/article.cls
Document Class: article 2005/09/16 v1.4f Standard LaTeX document class
(/usr/share/texmf-dist/tex/latex/base/size12.clo
File: size12.clo 2005/09/16 v1.4f Standard LaTeX file (size option)
)
\c@part=\count79
\c@section=\count80
\c@subsection=\count81
\c@subsubsection=\count82
\c@paragraph=\count83
\c@subparagraph=\count84
\c@figure=\count85
\c@table=\count86
\abovecaptionskip=\skip41
\belowcaptionskip=\skip42
\bibindent=\dimen102
)
(/usr/share/texmf-dist/tex/latex/base/inputenc.sty
Package: inputenc 2006/05/05 v1.1b Input encoding file
\inpenc@prehook=\toks14
\inpenc@posthook=\toks15

(/usr/share/texmf-dist/tex/latex/ucs/utf8x.def
File: utf8x.def 2004/10/17 UCS: Input encoding UTF-8
))
(/usr/share/texmf-dist/tex/latex/ucs/ucs.sty
Package: ucs 2004/10/17 UCS: Unicode input support

(/usr/share/texmf-dist/tex/latex/ucs/data/uni-global.def
File: uni-global.def 2004/10/17 UCS: Unicode global data
)
\uc@secondtry=\count87
\uc@combtoks=\toks16
\uc@combtoksb=\toks17
\uc@temptokena=\toks18
)
(/usr/share/texmf-dist/tex/latex/hyperref/hyperref.sty
Package: hyperref 2008/08/14 v6.78f Hypertext links for LaTeX

(/usr/share/texmf-dist/tex/latex/graphics/keyval.sty
Package: keyval 1999/03/16 v1.13 key=value parser (DPC)
\KV@toks@=\toks19
)
(/usr/share/texmf-dist/tex/generic/oberdiek/ifpdf.sty
Package: ifpdf 2007/12/12 v1.6 Provides the ifpdf switch (HO)
Package ifpdf Info: pdfTeX in pdf mode detected.
)
(/usr/share/texmf-dist/tex/generic/oberdiek/ifvtex.sty
Package: ifvtex 2007/09/09 v1.3 Switches for detecting VTeX and its modes (HO)
Package ifvtex Info: VTeX not detected.
)
(/usr/share/texmf-dist/tex/generic/ifxetex/ifxetex.sty
Package: ifxetex 2006/08/21 v0.3 Provides ifxetex conditional
)
(/usr/share/texmf-dist/tex/latex/oberdiek/hycolor.sty
Package: hycolor 2008/08/01 v1.3 Code for color options of hyperref/bookmark (H
O)

(/usr/share/texmf-dist/tex/latex/oberdiek/xcolor-patch.sty
Package: xcolor-patch 2008/08/01 xcolor patch
))
\@linkdim=\dimen103
\Hy@linkcounter=\count88
\Hy@pagecounter=\count89

(/usr/share/texmf-dist/tex/latex/hyperref/pd1enc.def
File: pd1enc.def 2008/08/14 v6.78f Hyperref: PDFDocEncoding definition (HO)
)
(/usr/share/texmf-dist/tex/generic/oberdiek/etexcmds.sty
Package: etexcmds 2007/12/12 v1.2 Prefix for e-TeX command names (HO)

(/usr/share/texmf-dist/tex/generic/oberdiek/infwarerr.sty
Package: infwarerr 2007/09/09 v1.2 Providing info/warning/message (HO)
)
Package etexcmds Info: Could not find \expanded.
(etexcmds)             That can mean that you are not using pdfTeX 1.50 or
(etexcmds)             that some package has redefined \expanded.
(etexcmds)             In the latter case, load this package earlier.
)
(/usr/share/texmf/tex/latex/config/hyperref.cfg
File: hyperref.cfg 2002/06/06 v1.2 hyperref configuration of TeXLive
)
(/usr/share/texmf-dist/tex/latex/oberdiek/kvoptions.sty
Package: kvoptions 2007/10/18 v3.0 Keyval support for LaTeX options (HO)
)
Package hyperref Info: Hyper figures OFF on input line 2876.
Package hyperref Info: Link nesting OFF on input line 2881.
Package hyperref Info: Hyper index ON on input line 2884.
Package hyperref Info: Plain pages OFF on input line 2891.
Package hyperref Info: Backreferencing OFF on input line 2896.

Implicit mode ON; LaTeX internals redefined
Package hyperref Info: Bookmarks ON on input line 3086.
(/usr/share/texmf-dist/tex/latex/ltxmisc/url.sty
\Urlmuskip=\muskip10
Package: url 2006/04/12  ver 3.3  Verb mode for urls, etc.
)
LaTeX Info: Redefining \url on input line 3272.

(/usr/share/texmf-dist/tex/generic/oberdiek/bitset.sty
Package: bitset 2007/09/28 v1.0 Data type bit set (HO)

(/usr/share/texmf-dist/tex/generic/oberdiek/intcalc.sty
Package: intcalc 2007/09/27 v1.1 Expandable integer calculations (HO)
)
(/usr/share/texmf-dist/tex/generic/oberdiek/bigintcalc.sty
Package: bigintcalc 2007/11/11 v1.1 Expandable big integer calculations (HO)

(/usr/share/texmf-dist/tex/generic/oberdiek/pdftexcmds.sty
Package: pdftexcmds 2007/12/12 v0.3 LuaTeX support for pdfTeX utility functions
 (HO)
Package pdftexcmds Info: LuaTeX not detected on input line 139.
)))
(/usr/share/texmf-dist/tex/generic/oberdiek/kvsetkeys.sty
Package: kvsetkeys 2007/09/29 v1.3 Key value parser with default handler suppor
t (HO)
)
\Fld@menulength=\count90
\Field@Width=\dimen104
\Fld@charsize=\dimen105
\Field@toks=\toks20
Package hyperref Info: Hyper figures OFF on input line 4189.
Package hyperref Info: Link nesting OFF on input line 4194.
Package hyperref Info: Hyper index ON on input line 4197.
Package hyperref Info: backreferencing OFF on input line 4204.
Package hyperref Info: Link coloring OFF on input line 4209.
Package hyperref Info: Link coloring with OCG OFF on input line 4214.
Package hyperref Info: PDF/A mode OFF on input line 4219.

(/usr/share/texmf-dist/tex/generic/oberdiek/atbegshi.sty
Package: atbegshi 2008/07/31 v1.9 At begin shipout hook (HO)
)
\Hy@abspage=\count91
\c@Item=\count92
\c@Hfootnote=\count93
)
*hyperref using default driver hpdftex*
(/usr/share/texmf-dist/tex/latex/hyperref/hpdftex.def
File: hpdftex.def 2008/08/14 v6.78f Hyperref driver for pdfTeX
\Fld@listcount=\count94
)
(/usr/share/texmf-dist/tex/latex/listings/listings.sty
\lst@mode=\count95
\lst@gtempboxa=\box26
\lst@token=\toks21
\lst@length=\count96
\lst@currlwidth=\dimen106
\lst@column=\count97
\lst@pos=\count98
\lst@lostspace=\dimen107
\lst@width=\dimen108
\lst@newlines=\count99
\lst@lineno=\count100
\lst@maxwidth=\dimen109

(/usr/share/texmf-dist/tex/latex/listings/lstmisc.sty
File: lstmisc.sty 2007/02/22 1.4 (Carsten Heinz)
\c@lstnumber=\count101
\lst@skipnumbers=\count102
\lst@framebox=\box27
)
(/usr/share/texmf-dist/tex/latex/listings/listings.cfg
File: listings.cfg 2007/02/22 1.4 listings configuration
))
Package: listings 2007/02/22 1.4 (Carsten Heinz)
 (./userGuide.aux)
\openout1 = `userGuide.aux'.

LaTeX Font Info:    Checking defaults for OML/cmm/m/it on input line 24.
LaTeX Font Info:    ... okay on input line 24.
LaTeX Font Info:    Checking defaults for T1/cmr/m/n on input line 24.
LaTeX Font Info:    ... okay on input line 24.
LaTeX Font Info:    Checking defaults for OT1/cmr/m/n on input line 24.
LaTeX Font Info:    ... okay on input line 24.
LaTeX Font Info:    Checking defaults for OMS/cmsy/m/n on input line 24.
LaTeX Font Info:    ... okay on input line 24.
LaTeX Font Info:    Checking defaults for OMX/cmex/m/n on input line 24.
LaTeX Font Info:    ... okay on input line 24.
LaTeX Font Info:    Checking defaults for U/cmr/m/n on input line 24.
LaTeX Font Info:    ... okay on input line 24.
LaTeX Font Info:    Checking defaults for PD1/pdf/m/n on input line 24.
LaTeX Font Info:    ... okay on input line 24.

(/usr/share/texmf-dist/tex/latex/ucs/ucsencs.def
File: ucsencs.def 2003/11/29 Fixes to fontencodings LGR, T3
)
Package hyperref Info: Link coloring OFF on input line 24.

(/usr/share/texmf-dist/tex/latex/hyperref/nameref.sty
Package: nameref 2007/05/29 v2.31 Cross-referencing by name of section

(/usr/share/texmf-dist/tex/latex/oberdiek/refcount.sty
Package: refcount 2008/08/11 v3.1 Data extraction from references (HO)
)
\c@section@level=\count103
)
LaTeX Info: Redefining \ref on input line 24.
LaTeX Info: Redefining \pageref on input line 24.
 (./userGuide.out)
(./userGuide.out)
\@outlinefile=\write3
\openout3 = `userGuide.out'.

\AtBeginShipoutBox=\box28
\c@lstlisting=\count104
LaTeX Font Info:    External font `cmex10' loaded for size
(Font)              <14.4> on input line 26.
LaTeX Font Info:    External font `cmex10' loaded for size
(Font)              <7> on input line 26.

Overfull \hbox (15.17175pt too wide) in paragraph at lines 26--26
 [][] 
 []

(./userGuide.toc [1

{//var/lib/texmf/fonts/map/pdftex/updmap/pdftex.map}])
\tf@toc=\write4
\openout4 = `userGuide.toc'.

LaTeX Font Info:    External font `cmex10' loaded for size
(Font)              <12> on input line 40.
LaTeX Font Info:    External font `cmex10' loaded for size
(Font)              <8> on input line 40.
LaTeX Font Info:    External font `cmex10' loaded for size
(Font)              <6> on input line 40.

[2] [3] [4] [5] [6] [7] [8] [9] [10]
(/usr/share/texmf-dist/tex/latex/listings/lstlang1.sty
File: lstlang1.sty 2004/09/05 1.3 listings language file
)
(/usr/share/texmf-dist/tex/latex/listings/lstmisc.sty
File: lstmisc.sty 2007/02/22 1.4 (Carsten Heinz)
)
Package hyperref Info: bookmark level for unknown lstlisting defaults to 0 on i
nput line 169.
 (./flipper.as
LaTeX Font Info:    Try loading font information for OMS+cmr on input line 7.

(/usr/share/texmf-dist/tex/latex/base/omscmr.fd
File: omscmr.fd 1999/05/25 v2.5h Standard LaTeX font definitions
)
LaTeX Font Info:    Font shape `OMS/cmr/m/n' in size <10.95> not available
(Font)              Font shape `OMS/cmsy/m/n' tried instead on input line 7.
LaTeX Font Info:    External font `cmex10' loaded for size
(Font)              <10.95> on input line 13.
 [11]
LaTeX Font Info:    Try loading font information for OML+cmr on input line 38.

(/usr/share/texmf-dist/tex/latex/base/omlcmr.fd
File: omlcmr.fd 1999/05/25 v2.5h Standard LaTeX font definitions
)
LaTeX Font Info:    Font shape `OML/cmr/m/n' in size <10.95> not available
(Font)              Font shape `OML/cmm/m/it' tried instead on input line 38.
 [12]) [13] [14]
(./userGuide.aux) ) 
Here is how much of TeX's memory you used:
 5632 strings out of 494573
 81399 string characters out of 1171925
 250267 words of memory out of 3000000
 8655 multiletter control sequences out of 10000+50000
 11282 words of font info for 40 fonts, out of 3000000 for 5000
 325 hyphenation exceptions out of 8191
 36i,6n,52p,871b,1886s stack positions out of 5000i,500n,10000p,200000b,50000s
</usr/share/texmf-dist/fonts/type1/bluesky/cm/cmbx10.pfb></u
sr/share/texmf-dist/fonts/type1/bluesky/cm/cmbx12.pfb></usr/share/texmf-dist/fo
nts/type1/bluesky/cm/cmbxti10.pfb></usr/share/texmf-dist/fonts/type1/bluesky/cm
/cmitt10.pfb></usr/share/texmf-dist/fonts/type1/bluesky/cm/cmmi10.pfb></usr/sha
re/texmf-dist/fonts/type1/bluesky/cm/cmr10.pfb></usr/share/texmf-dist/fonts/typ
e1/bluesky/cm/cmr12.pfb></usr/share/texmf-dist/fonts/type1/bluesky/cm/cmr17.pfb
></usr/share/texmf-dist/fonts/type1/bluesky/cm/cmsy10.pfb></usr/share/texmf-dis
t/fonts/type1/bluesky/cm/cmti10.pfb></usr/share/texmf-dist/fonts/type1/bluesky/
cm/cmti12.pfb></usr/share/texmf-dist/fonts/type1/bluesky/cm/cmtt10.pfb></usr/sh
are/texmf-dist/fonts/type1/bluesky/cm/cmtt12.pfb>
Output written on userGuide.pdf (14 pages, 155106 bytes).
PDF statistics:
 347 PDF objects out of 1000 (max. 8388607)
 134 named destinations out of 1000 (max. 131072)
 169 words of extra memory for PDF output out of 10000 (max. 10000000)

